{"/Users/joeyzhen/selenium_Javascript/POM/loginPage.js": {"path":"/Users/joeyzhen/selenium_Javascript/POM/loginPage.js","statementMap":{"0":{"start":{"line":1,"column":34},"end":{"line":1,"column":63}},"1":{"start":{"line":6,"column":8},"end":{"line":6,"column":29}},"2":{"start":{"line":7,"column":8},"end":{"line":7,"column":50}},"3":{"start":{"line":8,"column":8},"end":{"line":8,"column":53}},"4":{"start":{"line":9,"column":8},"end":{"line":9,"column":44}},"5":{"start":{"line":10,"column":8},"end":{"line":10,"column":47}},"6":{"start":{"line":11,"column":8},"end":{"line":11,"column":64}},"7":{"start":{"line":12,"column":8},"end":{"line":12,"column":76}},"8":{"start":{"line":13,"column":8},"end":{"line":13,"column":60}},"9":{"start":{"line":17,"column":8},"end":{"line":17,"column":40}},"10":{"start":{"line":21,"column":8},"end":{"line":21,"column":62}},"11":{"start":{"line":22,"column":8},"end":{"line":22,"column":77}},"12":{"start":{"line":23,"column":8},"end":{"line":23,"column":77}},"13":{"start":{"line":24,"column":8},"end":{"line":24,"column":63}},"14":{"start":{"line":25,"column":8},"end":{"line":25,"column":64}},"15":{"start":{"line":26,"column":8},"end":{"line":26,"column":68}},"16":{"start":{"line":30,"column":8},"end":{"line":30,"column":68}},"17":{"start":{"line":35,"column":0},"end":{"line":35,"column":27}}},"fnMap":{"0":{"name":"(anonymous_0)","decl":{"start":{"line":5,"column":4},"end":{"line":5,"column":5}},"loc":{"start":{"line":5,"column":24},"end":{"line":14,"column":5}},"line":5},"1":{"name":"(anonymous_1)","decl":{"start":{"line":16,"column":4},"end":{"line":16,"column":5}},"loc":{"start":{"line":16,"column":19},"end":{"line":18,"column":5}},"line":16},"2":{"name":"(anonymous_2)","decl":{"start":{"line":20,"column":4},"end":{"line":20,"column":5}},"loc":{"start":{"line":20,"column":35},"end":{"line":27,"column":5}},"line":20},"3":{"name":"(anonymous_3)","decl":{"start":{"line":29,"column":4},"end":{"line":29,"column":5}},"loc":{"start":{"line":29,"column":24},"end":{"line":31,"column":5}},"line":29}},"branchMap":{},"s":{"0":1,"1":1,"2":1,"3":1,"4":1,"5":1,"6":1,"7":1,"8":1,"9":1,"10":1,"11":1,"12":1,"13":1,"14":0,"15":0,"16":0,"17":1},"f":{"0":1,"1":1,"2":1,"3":0},"b":{},"_coverageSchema":"1a1c01bbd47fc00a2c39e90264f33305004495a9","hash":"011f8557d937029274145c45d82c3513b2849f82"}
,"/Users/joeyzhen/selenium_Javascript/POM/screenshotHelper.js": {"path":"/Users/joeyzhen/selenium_Javascript/POM/screenshotHelper.js","statementMap":{"0":{"start":{"line":1,"column":11},"end":{"line":1,"column":24}},"1":{"start":{"line":2,"column":13},"end":{"line":2,"column":28}},"2":{"start":{"line":5,"column":21},"end":{"line":5,"column":50}},"3":{"start":{"line":6,"column":19},"end":{"line":6,"column":67}},"4":{"start":{"line":7,"column":2},"end":{"line":7,"column":51}},"5":{"start":{"line":8,"column":2},"end":{"line":8,"column":50}},"6":{"start":{"line":11,"column":0},"end":{"line":11,"column":36}}},"fnMap":{"0":{"name":"takeScreenshot","decl":{"start":{"line":4,"column":15},"end":{"line":4,"column":29}},"loc":{"start":{"line":4,"column":48},"end":{"line":9,"column":1}},"line":4}},"branchMap":{},"s":{"0":1,"1":1,"2":0,"3":0,"4":0,"5":0,"6":1},"f":{"0":0},"b":{},"_coverageSchema":"1a1c01bbd47fc00a2c39e90264f33305004495a9","hash":"a7b0a0e58b464e275cd1138b68c9c6ba211ad13d"}
}
