TN:
SF:POM/loginPage.js
FN:5,(anonymous_0)
FN:16,(anonymous_1)
FN:20,(anonymous_2)
FN:29,(anonymous_3)
FNF:4
FNH:3
FNDA:1,(anonymous_0)
FNDA:1,(anonymous_1)
FNDA:1,(anonymous_2)
FNDA:0,(anonymous_3)
DA:1,1
DA:6,1
DA:7,1
DA:8,1
DA:9,1
DA:10,1
DA:11,1
DA:12,1
DA:13,1
DA:17,1
DA:21,1
DA:22,1
DA:23,1
DA:24,1
DA:25,0
DA:26,0
DA:30,0
DA:35,1
LF:18
LH:15
BRF:0
BRH:0
end_of_record
TN:
SF:POM/screenshotHelper.js
FN:4,takeScreenshot
FNF:1
FNH:0
FNDA:0,takeScreenshot
DA:1,1
DA:2,1
DA:5,0
DA:6,0
DA:7,0
DA:8,0
DA:11,1
LF:7
LH:3
BRF:0
BRH:0
end_of_record
